[2025-06-08 12:59:59] Log file created: logs/migro_20250608_125959.log
[2025-06-08 12:59:59] Migro - C# Attribute Updater - Execution Started
[2025-06-08 12:59:59] ===================================================
[2025-06-08 12:59:59] Starting C# Attribute Updater
[2025-06-08 12:59:59] CSV File: maps.csv
[2025-06-08 12:59:59] Controllers Directory: ./controllers
[2025-06-08 12:59:59] Mode: OVERWRITE - Existing attributes will be replaced automatically
[2025-06-08 12:59:59] ---------------------------------------------------
[2025-06-08 12:59:59] Loaded 3 mappings from CSV
[2025-06-08 12:59:59] Processing file: UserController.cs, Method: GetTodoItems
[2025-06-08 12:59:59] INFO: Attribute already correct for UserController.cs:GetTodoItems.
[2025-06-08 12:59:59] Processing file: UserController.cs, Method: GetTodoItem
[2025-06-08 12:59:59] INFO: Attribute already correct for UserController.cs:GetTodoItem.
[2025-06-08 12:59:59] Processing file: UserController.cs, Method: PutTodoItem
[2025-06-08 12:59:59] INFO: Attribute already correct for UserController.cs:PutTodoItem.
[2025-06-08 12:59:59] ✨ All operations complete.
[2025-06-08 12:59:59] ===================================================
[2025-06-08 12:59:59] EXECUTION SUMMARY
[2025-06-08 12:59:59] ===================================================
[2025-06-08 12:59:59] Execution Time: 364.708µs
[2025-06-08 12:59:59] Total Files Processed: 3
[2025-06-08 12:59:59] Files Modified: 0
[2025-06-08 12:59:59] Files Skipped: 3
[2025-06-08 12:59:59] Attributes Added: 0
[2025-06-08 12:59:59] Attributes Replaced: 0
[2025-06-08 12:59:59] Errors Encountered: 0
[2025-06-08 12:59:59] ===================================================
[2025-06-08 12:59:59] 📝 Detailed log saved to: migro_20250608_125959.log
