[2025-06-08 13:00:55] Log file created: logs/migro_20250608_130055.log
[2025-06-08 13:00:55] Migro - C# Attribute Updater - Execution Started
[2025-06-08 13:00:55] ===================================================
[2025-06-08 13:00:55] Starting C# Attribute Updater
[2025-06-08 13:00:55] CSV File: maps.csv
[2025-06-08 13:00:55] Controllers Directory: ./controllers
[2025-06-08 13:00:55] Mode: OVERWRITE - Existing attributes will be replaced automatically
[2025-06-08 13:00:55] ---------------------------------------------------
[2025-06-08 13:00:55] Loaded 3 mappings from CSV
[2025-06-08 13:00:55] Processing file: UserController.cs, Method: GetTodoItems
[2025-06-08 13:00:55] INFO: Attribute already correct for UserController.cs:GetTodoItems.
[2025-06-08 13:00:55] Processing file: UserController.cs, Method: GetTodoItem
[2025-06-08 13:00:55] INFO: Attribute already correct for UserController.cs:GetTodoItem.
[2025-06-08 13:00:55] Processing file: UserController.cs, Method: PutTodoItem
[2025-06-08 13:00:55] INFO: Attribute already correct for UserController.cs:PutTodoItem.
[2025-06-08 13:00:55] ✨ All operations complete.
[2025-06-08 13:00:55] ===================================================
[2025-06-08 13:00:55] EXECUTION SUMMARY
[2025-06-08 13:00:55] ===================================================
[2025-06-08 13:00:55] Execution Time: 1.152833ms
[2025-06-08 13:00:55] Total Files Processed: 3
[2025-06-08 13:00:55] Files Modified: 0
[2025-06-08 13:00:55] Files Skipped: 3
[2025-06-08 13:00:55] Attributes Added: 0
[2025-06-08 13:00:55] Attributes Replaced: 0
[2025-06-08 13:00:55] Errors Encountered: 0
[2025-06-08 13:00:55] ===================================================
[2025-06-08 13:00:55] 📝 Detailed log saved to: logs/migro_20250608_130055.log
